<?xml version="1.0" encoding="UTF-8"?>
<testsuite xmlns:xsi="http://www.w3.org/2001/XMLSchema-instance" xsi:noNamespaceSchemaLocation="https://maven.apache.org/surefire/maven-surefire-plugin/xsd/surefire-test-report.xsd" name="TestSuite" time="20.999" tests="3" errors="0" skipped="0" failures="1">
  <properties>
    <property name="sun.desktop" value="gnome"/>
    <property name="awt.toolkit" value="sun.awt.X11.XToolkit"/>
    <property name="java.specification.version" value="12"/>
    <property name="sun.jnu.encoding" value="UTF-8"/>
    <property name="java.class.path" value="/home/kostya/Документы/GitHub/java_autotest/Test1/target/test-classes:/home/kostya/Документы/GitHub/java_autotest/Test1/target/classes:/home/kostya/.m2/repository/com/codeborne/selenide/5.2.8/selenide-5.2.8.jar:/home/kostya/.m2/repository/org/seleniumhq/selenium/selenium-java/3.141.59/selenium-java-3.141.59.jar:/home/kostya/.m2/repository/org/seleniumhq/selenium/selenium-api/3.141.59/selenium-api-3.141.59.jar:/home/kostya/.m2/repository/org/seleniumhq/selenium/selenium-chrome-driver/3.141.59/selenium-chrome-driver-3.141.59.jar:/home/kostya/.m2/repository/org/seleniumhq/selenium/selenium-edge-driver/3.141.59/selenium-edge-driver-3.141.59.jar:/home/kostya/.m2/repository/org/seleniumhq/selenium/selenium-firefox-driver/3.141.59/selenium-firefox-driver-3.141.59.jar:/home/kostya/.m2/repository/org/seleniumhq/selenium/selenium-ie-driver/3.141.59/selenium-ie-driver-3.141.59.jar:/home/kostya/.m2/repository/org/seleniumhq/selenium/selenium-opera-driver/3.141.59/selenium-opera-driver-3.141.59.jar:/home/kostya/.m2/repository/org/seleniumhq/selenium/selenium-remote-driver/3.141.59/selenium-remote-driver-3.141.59.jar:/home/kostya/.m2/repository/org/seleniumhq/selenium/selenium-safari-driver/3.141.59/selenium-safari-driver-3.141.59.jar:/home/kostya/.m2/repository/org/seleniumhq/selenium/selenium-support/3.141.59/selenium-support-3.141.59.jar:/home/kostya/.m2/repository/org/apache/commons/commons-exec/1.3/commons-exec-1.3.jar:/home/kostya/.m2/repository/com/google/guava/guava/25.0-jre/guava-25.0-jre.jar:/home/kostya/.m2/repository/com/google/code/findbugs/jsr305/1.3.9/jsr305-1.3.9.jar:/home/kostya/.m2/repository/org/checkerframework/checker-compat-qual/2.0.0/checker-compat-qual-2.0.0.jar:/home/kostya/.m2/repository/com/google/errorprone/error_prone_annotations/2.1.3/error_prone_annotations-2.1.3.jar:/home/kostya/.m2/repository/com/google/j2objc/j2objc-annotations/1.1/j2objc-annotations-1.1.jar:/home/kostya/.m2/repository/org/codehaus/mojo/animal-sniffer-annotations/1.14/animal-sniffer-annotations-1.14.jar:/home/kostya/.m2/repository/com/squareup/okhttp3/okhttp/3.11.0/okhttp-3.11.0.jar:/home/kostya/.m2/repository/com/squareup/okio/okio/1.14.0/okio-1.14.0.jar:/home/kostya/.m2/repository/io/github/bonigarcia/webdrivermanager/3.6.1/webdrivermanager-3.6.1.jar:/home/kostya/.m2/repository/org/slf4j/slf4j-api/1.7.25/slf4j-api-1.7.25.jar:/home/kostya/.m2/repository/commons-io/commons-io/2.6/commons-io-2.6.jar:/home/kostya/.m2/repository/com/google/code/gson/gson/2.8.5/gson-2.8.5.jar:/home/kostya/.m2/repository/org/apache/commons/commons-lang3/3.8.1/commons-lang3-3.8.1.jar:/home/kostya/.m2/repository/org/apache/httpcomponents/httpclient/4.5.6/httpclient-4.5.6.jar:/home/kostya/.m2/repository/org/apache/httpcomponents/httpcore/4.4.10/httpcore-4.4.10.jar:/home/kostya/.m2/repository/commons-logging/commons-logging/1.2/commons-logging-1.2.jar:/home/kostya/.m2/repository/commons-codec/commons-codec/1.10/commons-codec-1.10.jar:/home/kostya/.m2/repository/org/rauschig/jarchivelib/1.0.0/jarchivelib-1.0.0.jar:/home/kostya/.m2/repository/org/apache/commons/commons-compress/1.18/commons-compress-1.18.jar:/home/kostya/.m2/repository/org/jsoup/jsoup/1.11.3/jsoup-1.11.3.jar:/home/kostya/.m2/repository/net/lightbody/bmp/browsermob-core/2.1.5/browsermob-core-2.1.5.jar:/home/kostya/.m2/repository/net/lightbody/bmp/littleproxy/1.1.0-beta-bmp-17/littleproxy-1.1.0-beta-bmp-17.jar:/home/kostya/.m2/repository/com/fasterxml/jackson/core/jackson-core/2.8.9/jackson-core-2.8.9.jar:/home/kostya/.m2/repository/com/fasterxml/jackson/core/jackson-databind/2.8.9/jackson-databind-2.8.9.jar:/home/kostya/.m2/repository/com/fasterxml/jackson/core/jackson-annotations/2.8.9/jackson-annotations-2.8.9.jar:/home/kostya/.m2/repository/dnsjava/dnsjava/2.1.8/dnsjava-2.1.8.jar:/home/kostya/.m2/repository/org/slf4j/jcl-over-slf4j/1.7.25/jcl-over-slf4j-1.7.25.jar:/home/kostya/.m2/repository/com/jcraft/jzlib/1.1.3/jzlib-1.1.3.jar:/home/kostya/.m2/repository/io/netty/netty-all/4.0.51.Final/netty-all-4.0.51.Final.jar:/home/kostya/.m2/repository/org/bouncycastle/bcprov-jdk15on/1.58/bcprov-jdk15on-1.58.jar:/home/kostya/.m2/repository/org/bouncycastle/bcpkix-jdk15on/1.58/bcpkix-jdk15on-1.58.jar:/home/kostya/.m2/repository/net/lightbody/bmp/mitm/2.1.5/mitm-2.1.5.jar:/home/kostya/.m2/repository/org/testng/testng/7.0.0/testng-7.0.0.jar:/home/kostya/.m2/repository/com/beust/jcommander/1.72/jcommander-1.72.jar:/home/kostya/.m2/repository/io/qameta/allure/allure-testng/2.12.0/allure-testng-2.12.0.jar:/home/kostya/.m2/repository/io/qameta/allure/allure-java-commons/2.12.0/allure-java-commons-2.12.0.jar:/home/kostya/.m2/repository/io/qameta/allure/allure-model/2.12.0/allure-model-2.12.0.jar:/home/kostya/.m2/repository/org/apache/tika/tika-core/1.20/tika-core-1.20.jar:/home/kostya/.m2/repository/org/jooq/joor-java-8/0.9.10/joor-java-8-0.9.10.jar:"/>
    <property name="java.vm.vendor" value="Oracle Corporation"/>
    <property name="sun.arch.data.model" value="64"/>
    <property name="java.vendor.url" value="https://java.oracle.com/"/>
    <property name="os.name" value="Linux"/>
    <property name="java.vm.specification.version" value="12"/>
    <property name="sun.java.launcher" value="SUN_STANDARD"/>
    <property name="user.country" value="UA"/>
    <property name="sun.boot.library.path" value="/usr/lib/jvm/java-12-oracle/lib"/>
    <property name="sun.java.command" value="/home/kostya/Документы/GitHub/java_autotest/Test1/target/surefire/surefirebooter17967149972646034506.jar /home/kostya/Документы/GitHub/java_autotest/Test1/target/surefire 2019-09-11T15-50-06_116-jvmRun1 surefire1801000953225465077tmp surefire_011350547427851625168tmp"/>
    <property name="jdk.debug" value="release"/>
    <property name="surefire.test.class.path" value="/home/kostya/Документы/GitHub/java_autotest/Test1/target/test-classes:/home/kostya/Документы/GitHub/java_autotest/Test1/target/classes:/home/kostya/.m2/repository/com/codeborne/selenide/5.2.8/selenide-5.2.8.jar:/home/kostya/.m2/repository/org/seleniumhq/selenium/selenium-java/3.141.59/selenium-java-3.141.59.jar:/home/kostya/.m2/repository/org/seleniumhq/selenium/selenium-api/3.141.59/selenium-api-3.141.59.jar:/home/kostya/.m2/repository/org/seleniumhq/selenium/selenium-chrome-driver/3.141.59/selenium-chrome-driver-3.141.59.jar:/home/kostya/.m2/repository/org/seleniumhq/selenium/selenium-edge-driver/3.141.59/selenium-edge-driver-3.141.59.jar:/home/kostya/.m2/repository/org/seleniumhq/selenium/selenium-firefox-driver/3.141.59/selenium-firefox-driver-3.141.59.jar:/home/kostya/.m2/repository/org/seleniumhq/selenium/selenium-ie-driver/3.141.59/selenium-ie-driver-3.141.59.jar:/home/kostya/.m2/repository/org/seleniumhq/selenium/selenium-opera-driver/3.141.59/selenium-opera-driver-3.141.59.jar:/home/kostya/.m2/repository/org/seleniumhq/selenium/selenium-remote-driver/3.141.59/selenium-remote-driver-3.141.59.jar:/home/kostya/.m2/repository/org/seleniumhq/selenium/selenium-safari-driver/3.141.59/selenium-safari-driver-3.141.59.jar:/home/kostya/.m2/repository/org/seleniumhq/selenium/selenium-support/3.141.59/selenium-support-3.141.59.jar:/home/kostya/.m2/repository/org/apache/commons/commons-exec/1.3/commons-exec-1.3.jar:/home/kostya/.m2/repository/com/google/guava/guava/25.0-jre/guava-25.0-jre.jar:/home/kostya/.m2/repository/com/google/code/findbugs/jsr305/1.3.9/jsr305-1.3.9.jar:/home/kostya/.m2/repository/org/checkerframework/checker-compat-qual/2.0.0/checker-compat-qual-2.0.0.jar:/home/kostya/.m2/repository/com/google/errorprone/error_prone_annotations/2.1.3/error_prone_annotations-2.1.3.jar:/home/kostya/.m2/repository/com/google/j2objc/j2objc-annotations/1.1/j2objc-annotations-1.1.jar:/home/kostya/.m2/repository/org/codehaus/mojo/animal-sniffer-annotations/1.14/animal-sniffer-annotations-1.14.jar:/home/kostya/.m2/repository/com/squareup/okhttp3/okhttp/3.11.0/okhttp-3.11.0.jar:/home/kostya/.m2/repository/com/squareup/okio/okio/1.14.0/okio-1.14.0.jar:/home/kostya/.m2/repository/io/github/bonigarcia/webdrivermanager/3.6.1/webdrivermanager-3.6.1.jar:/home/kostya/.m2/repository/org/slf4j/slf4j-api/1.7.25/slf4j-api-1.7.25.jar:/home/kostya/.m2/repository/commons-io/commons-io/2.6/commons-io-2.6.jar:/home/kostya/.m2/repository/com/google/code/gson/gson/2.8.5/gson-2.8.5.jar:/home/kostya/.m2/repository/org/apache/commons/commons-lang3/3.8.1/commons-lang3-3.8.1.jar:/home/kostya/.m2/repository/org/apache/httpcomponents/httpclient/4.5.6/httpclient-4.5.6.jar:/home/kostya/.m2/repository/org/apache/httpcomponents/httpcore/4.4.10/httpcore-4.4.10.jar:/home/kostya/.m2/repository/commons-logging/commons-logging/1.2/commons-logging-1.2.jar:/home/kostya/.m2/repository/commons-codec/commons-codec/1.10/commons-codec-1.10.jar:/home/kostya/.m2/repository/org/rauschig/jarchivelib/1.0.0/jarchivelib-1.0.0.jar:/home/kostya/.m2/repository/org/apache/commons/commons-compress/1.18/commons-compress-1.18.jar:/home/kostya/.m2/repository/org/jsoup/jsoup/1.11.3/jsoup-1.11.3.jar:/home/kostya/.m2/repository/net/lightbody/bmp/browsermob-core/2.1.5/browsermob-core-2.1.5.jar:/home/kostya/.m2/repository/net/lightbody/bmp/littleproxy/1.1.0-beta-bmp-17/littleproxy-1.1.0-beta-bmp-17.jar:/home/kostya/.m2/repository/com/fasterxml/jackson/core/jackson-core/2.8.9/jackson-core-2.8.9.jar:/home/kostya/.m2/repository/com/fasterxml/jackson/core/jackson-databind/2.8.9/jackson-databind-2.8.9.jar:/home/kostya/.m2/repository/com/fasterxml/jackson/core/jackson-annotations/2.8.9/jackson-annotations-2.8.9.jar:/home/kostya/.m2/repository/dnsjava/dnsjava/2.1.8/dnsjava-2.1.8.jar:/home/kostya/.m2/repository/org/slf4j/jcl-over-slf4j/1.7.25/jcl-over-slf4j-1.7.25.jar:/home/kostya/.m2/repository/com/jcraft/jzlib/1.1.3/jzlib-1.1.3.jar:/home/kostya/.m2/repository/io/netty/netty-all/4.0.51.Final/netty-all-4.0.51.Final.jar:/home/kostya/.m2/repository/org/bouncycastle/bcprov-jdk15on/1.58/bcprov-jdk15on-1.58.jar:/home/kostya/.m2/repository/org/bouncycastle/bcpkix-jdk15on/1.58/bcpkix-jdk15on-1.58.jar:/home/kostya/.m2/repository/net/lightbody/bmp/mitm/2.1.5/mitm-2.1.5.jar:/home/kostya/.m2/repository/org/testng/testng/7.0.0/testng-7.0.0.jar:/home/kostya/.m2/repository/com/beust/jcommander/1.72/jcommander-1.72.jar:/home/kostya/.m2/repository/io/qameta/allure/allure-testng/2.12.0/allure-testng-2.12.0.jar:/home/kostya/.m2/repository/io/qameta/allure/allure-java-commons/2.12.0/allure-java-commons-2.12.0.jar:/home/kostya/.m2/repository/io/qameta/allure/allure-model/2.12.0/allure-model-2.12.0.jar:/home/kostya/.m2/repository/org/apache/tika/tika-core/1.20/tika-core-1.20.jar:/home/kostya/.m2/repository/org/jooq/joor-java-8/0.9.10/joor-java-8-0.9.10.jar:"/>
    <property name="allure.results.directory" value="target/allure-results"/>
    <property name="sun.cpu.endian" value="little"/>
    <property name="user.home" value="/home/kostya"/>
    <property name="user.language" value="ru"/>
    <property name="java.specification.vendor" value="Oracle Corporation"/>
    <property name="java.version.date" value="2019-07-16"/>
    <property name="java.home" value="/usr/lib/jvm/java-12-oracle"/>
    <property name="file.separator" value="/"/>
    <property name="basedir" value="/home/kostya/Документы/GitHub/java_autotest/Test1"/>
    <property name="java.vm.compressedOopsMode" value="32-bit"/>
    <property name="line.separator" value="&#10;"/>
    <property name="java.specification.name" value="Java Platform API Specification"/>
    <property name="java.vm.specification.vendor" value="Oracle Corporation"/>
    <property name="java.awt.graphicsenv" value="sun.awt.X11GraphicsEnvironment"/>
    <property name="surefire.real.class.path" value="/home/kostya/Документы/GitHub/java_autotest/Test1/target/surefire/surefirebooter17967149972646034506.jar"/>
    <property name="sun.management.compiler" value="HotSpot 64-Bit Tiered Compilers"/>
    <property name="java.runtime.version" value="12.0.2+10"/>
    <property name="user.name" value="kostya"/>
    <property name="path.separator" value=":"/>
    <property name="os.version" value="4.15.0-60-generic"/>
    <property name="java.runtime.name" value="Java(TM) SE Runtime Environment"/>
    <property name="file.encoding" value="UTF-8"/>
    <property name="java.vm.name" value="Java HotSpot(TM) 64-Bit Server VM"/>
    <property name="localRepository" value="/home/kostya/.m2/repository"/>
    <property name="java.vendor.url.bug" value="https://bugreport.java.com/bugreport/"/>
    <property name="java.io.tmpdir" value="/tmp"/>
    <property name="java.version" value="12.0.2"/>
    <property name="user.dir" value="/home/kostya/Документы/GitHub/java_autotest/Test1"/>
    <property name="os.arch" value="amd64"/>
    <property name="java.vm.specification.name" value="Java Virtual Machine Specification"/>
    <property name="java.library.path" value="/usr/java/packages/lib:/usr/lib64:/lib64:/lib:/usr/lib"/>
    <property name="java.vm.info" value="mixed mode, sharing"/>
    <property name="java.vendor" value="Oracle Corporation"/>
    <property name="java.vm.version" value="12.0.2+10"/>
    <property name="sun.io.unicode.encoding" value="UnicodeLittle"/>
    <property name="java.class.version" value="56.0"/>
  </properties>
  <testcase name="LogInBO" classname="auto_test_task2.BOdocCategory" time="6.374"/>
  <testcase name="AddDocCategorie" classname="auto_test_task2.BOdocCategory" time="7.638">
    <failure message="Element should be visible {#CategoryDocument_multilingual_3_name}&#10;Element: &apos;&lt;input class=&quot;form-control&quot; id=&quot;CategoryDocument_multilingual_3_name&quot; name=&quot;CategoryDocument[multilingual][3][name]&quot; type=&quot;text&quot; displayed:false&gt;&lt;/input&gt;&apos;" type="com.codeborne.selenide.ex.ElementShould"><![CDATA[com.codeborne.selenide.ex.ElementShould: 
Element should be visible {#CategoryDocument_multilingual_3_name}
Element: '<input class="form-control" id="CategoryDocument_multilingual_3_name" name="CategoryDocument[multilingual][3][name]" type="text" displayed:false></input>'
	at auto_test_task2.BOdocCategory.AddDocCategorie(BOdocCategory.java:25)
]]></failure>
  </testcase>
  <testcase name="AddLng" classname="auto_test_task2.BOdocCategory" time="4.954"/>
</testsuite>